unityLibrary/build/intermediates/manifest_merge_blame_file/release/manifest-merger-blame-release-report.txt
1<?xml version="1.0" encoding="utf-8"?>
2<!-- GENERATED BY UNITY. REMOVE THIS COMMENT TO PREVENT OVERWRITING WHEN EXPORTING AGAIN -->
3<manifest xmlns:android="http://schemas.android.com/apk/res/android"
4    xmlns:tools="http://schemas.android.com/tools"
5    package="com.unity3d.player"
6    android:versionCode="1"
7    android:versionName="0.1" >
8
9    <uses-sdk
10        android:minSdkVersion="19"
10-->src\main\AndroidManifest.xml
11        android:targetSdkVersion="30" />
11-->src\main\AndroidManifest.xml
12
13    <uses-feature android:glEsVersion="0x00030000" />
13-->src\main\AndroidManifest.xml:18:3-52
13-->src\main\AndroidManifest.xml:18:17-49
14    <uses-feature
14-->src\main\AndroidManifest.xml:19:3-91
15        android:name="android.hardware.vulkan.version"
15-->src\main\AndroidManifest.xml:19:17-63
16        android:required="false" />
16-->src\main\AndroidManifest.xml:19:64-88
17
18    <uses-permission android:name="android.permission.INTERNET" />
18-->src\main\AndroidManifest.xml:20:3-65
18-->src\main\AndroidManifest.xml:20:20-62
19    <uses-permission android:name="android.permission.WRITE_EXTERNAL_STORAGE" />
19-->src\main\AndroidManifest.xml:21:3-79
19-->src\main\AndroidManifest.xml:21:20-76
20
21    <uses-feature
21-->src\main\AndroidManifest.xml:22:3-88
22        android:name="android.hardware.touchscreen"
22-->src\main\AndroidManifest.xml:22:17-60
23        android:required="false" />
23-->src\main\AndroidManifest.xml:22:61-85
24    <uses-feature
24-->src\main\AndroidManifest.xml:23:3-99
25        android:name="android.hardware.touchscreen.multitouch"
25-->src\main\AndroidManifest.xml:23:17-71
26        android:required="false" />
26-->src\main\AndroidManifest.xml:23:72-96
27    <uses-feature
27-->src\main\AndroidManifest.xml:24:3-108
28        android:name="android.hardware.touchscreen.multitouch.distinct"
28-->src\main\AndroidManifest.xml:24:17-80
29        android:required="false" />
29-->src\main\AndroidManifest.xml:24:81-105
30
31    <application>
31-->src\main\AndroidManifest.xml:4:3-17:17
32        <activity
32-->src\main\AndroidManifest.xml:5:5-12:16
33            android:name="com.unity3d.player.UnityPlayerActivity"
33-->src\main\AndroidManifest.xml:5:15-68
34            android:configChanges="mcc|mnc|locale|touchscreen|keyboard|keyboardHidden|navigation|orientation|screenLayout|uiMode|screenSize|smallestScreenSize|fontScale|layoutDirection|density"
34-->src\main\AndroidManifest.xml:5:180-361
35            android:hardwareAccelerated="false"
35-->src\main\AndroidManifest.xml:5:362-397
36            android:launchMode="singleTask"
36-->src\main\AndroidManifest.xml:5:148-179
37            android:screenOrientation="portrait"
37-->src\main\AndroidManifest.xml:5:111-147
38            android:theme="@style/UnityThemeSelector" >
38-->src\main\AndroidManifest.xml:5:69-110
39
40            <!-- <intent-filter> -->
41            <!-- <action android:name="android.intent.action.MAIN" /> -->
42            <!-- <category android:name="android.intent.category.LAUNCHER" /> -->
43            <!-- </intent-filter> -->
44            <meta-data
44-->src\main\AndroidManifest.xml:10:7-82
45                android:name="unityplayer.UnityActivity"
45-->src\main\AndroidManifest.xml:10:18-58
46                android:value="true" />
46-->src\main\AndroidManifest.xml:10:59-79
47            <meta-data
47-->src\main\AndroidManifest.xml:11:7-78
48                android:name="android.notch_support"
48-->src\main\AndroidManifest.xml:11:18-54
49                android:value="true" />
49-->src\main\AndroidManifest.xml:11:55-75
50        </activity>
51
52        <meta-data
52-->src\main\AndroidManifest.xml:13:5-69
53            android:name="unity.splash-mode"
53-->src\main\AndroidManifest.xml:13:16-48
54            android:value="0" />
54-->src\main\AndroidManifest.xml:13:49-66
55        <meta-data
55-->src\main\AndroidManifest.xml:14:5-74
56            android:name="unity.splash-enable"
56-->src\main\AndroidManifest.xml:14:16-50
57            android:value="True" />
57-->src\main\AndroidManifest.xml:14:51-71
58        <meta-data
58-->src\main\AndroidManifest.xml:15:5-81
59            android:name="notch.config"
59-->src\main\AndroidManifest.xml:15:16-43
60            android:value="portrait|landscape" />
60-->src\main\AndroidManifest.xml:15:44-78
61        <meta-data
61-->src\main\AndroidManifest.xml:16:5-101
62            android:name="unity.build-id"
62-->src\main\AndroidManifest.xml:16:16-45
63            android:value="1205ddc2-cbca-4d9b-9ac0-7505fffab05d" />
63-->src\main\AndroidManifest.xml:16:46-98
64    </application>
65
66</manifest>